==> default: Doing an initial rsync...
==> default: Rsyncing folder: /Users/rode/PhpstormProjects/pvtcrm/ => /var/www/html
==> default:   - Exclude: [".vagrant/", ".git/", ".idea", ".vagrant", "Vagrantfile", "public/storage", "storage/logs", "storage/framework"]
==> default: Watching: /Users/rode/PhpstormProjects/pvtcrm
==> default: Rsyncing folder: /Users/rode/PhpstormProjects/pvtcrm/ => /var/www/html
==> default:   - Exclude: [".vagrant/", ".git/", ".idea", ".vagrant", "Vagrantfile", "public/storage", "storage/logs", "storage/framework"]
==> default: Rsyncing folder: /Users/rode/PhpstormProjects/pvtcrm/ => /var/www/html
==> default:   - Exclude: [".vagrant/", ".git/", ".idea", ".vagrant", "Vagrantfile", "public/storage", "storage/logs", "storage/framework"]
==> default: Rsyncing folder: /Users/rode/PhpstormProjects/pvtcrm/ => /var/www/html
==> default:   - Exclude: [".vagrant/", ".git/", ".idea", ".vagrant", "Vagrantfile", "public/storage", "storage/logs", "storage/framework"]
==> default: Rsyncing folder: /Users/rode/PhpstormProjects/pvtcrm/ => /var/www/html
==> default:   - Exclude: [".vagrant/", ".git/", ".idea", ".vagrant", "Vagrantfile", "public/storage", "storage/logs", "storage/framework"]
==> default: Rsyncing folder: /Users/rode/PhpstormProjects/pvtcrm/ => /var/www/html
==> default:   - Exclude: [".vagrant/", ".git/", ".idea", ".vagrant", "Vagrantfile", "public/storage", "storage/logs", "storage/framework"]
==> default: Rsyncing folder: /Users/rode/PhpstormProjects/pvtcrm/ => /var/www/html
==> default:   - Exclude: [".vagrant/", ".git/", ".idea", ".vagrant", "Vagrantfile", "public/storage", "storage/logs", "storage/framework"]
==> default: Rsyncing folder: /Users/rode/PhpstormProjects/pvtcrm/ => /var/www/html
==> default:   - Exclude: [".vagrant/", ".git/", ".idea", ".vagrant", "Vagrantfile", "public/storage", "storage/logs", "storage/framework"]
==> default: Rsyncing folder: /Users/rode/PhpstormProjects/pvtcrm/ => /var/www/html
==> default:   - Exclude: [".vagrant/", ".git/", ".idea", ".vagrant", "Vagrantfile", "public/storage", "storage/logs", "storage/framework"]
==> default: Rsyncing folder: /Users/rode/PhpstormProjects/pvtcrm/ => /var/www/html
==> default:   - Exclude: [".vagrant/", ".git/", ".idea", ".vagrant", "Vagrantfile", "public/storage", "storage/logs", "storage/framework"]
==> default: Rsyncing folder: /Users/rode/PhpstormProjects/pvtcrm/ => /var/www/html
==> default:   - Exclude: [".vagrant/", ".git/", ".idea", ".vagrant", "Vagrantfile", "public/storage", "storage/logs", "storage/framework"]
==> default: Rsyncing folder: /Users/rode/PhpstormProjects/pvtcrm/ => /var/www/html
==> default:   - Exclude: [".vagrant/", ".git/", ".idea", ".vagrant", "Vagrantfile", "public/storage", "storage/logs", "storage/framework"]
==> default: Rsyncing folder: /Users/rode/PhpstormProjects/pvtcrm/ => /var/www/html
==> default:   - Exclude: [".vagrant/", ".git/", ".idea", ".vagrant", "Vagrantfile", "public/storage", "storage/logs", "storage/framework"]
==> default: Rsyncing folder: /Users/rode/PhpstormProjects/pvtcrm/ => /var/www/html
==> default:   - Exclude: [".vagrant/", ".git/", ".idea", ".vagrant", "Vagrantfile", "public/storage", "storage/logs", "storage/framework"]
==> default: Rsyncing folder: /Users/rode/PhpstormProjects/pvtcrm/ => /var/www/html
==> default:   - Exclude: [".vagrant/", ".git/", ".idea", ".vagrant", "Vagrantfile", "public/storage", "storage/logs", "storage/framework"]
==> default: Rsyncing folder: /Users/rode/PhpstormProjects/pvtcrm/ => /var/www/html
==> default:   - Exclude: [".vagrant/", ".git/", ".idea", ".vagrant", "Vagrantfile", "public/storage", "storage/logs", "storage/framework"]
==> default: Rsyncing folder: /Users/rode/PhpstormProjects/pvtcrm/ => /var/www/html
==> default:   - Exclude: [".vagrant/", ".git/", ".idea", ".vagrant", "Vagrantfile", "public/storage", "storage/logs", "storage/framework"]
==> default: Rsyncing folder: /Users/rode/PhpstormProjects/pvtcrm/ => /var/www/html
==> default:   - Exclude: [".vagrant/", ".git/", ".idea", ".vagrant", "Vagrantfile", "public/storage", "storage/logs", "storage/framework"]
==> default: Rsyncing folder: /Users/rode/PhpstormProjects/pvtcrm/ => /var/www/html
==> default:   - Exclude: [".vagrant/", ".git/", ".idea", ".vagrant", "Vagrantfile", "public/storage", "storage/logs", "storage/framework"]
==> default: Rsyncing folder: /Users/rode/PhpstormProjects/pvtcrm/ => /var/www/html
==> default:   - Exclude: [".vagrant/", ".git/", ".idea", ".vagrant", "Vagrantfile", "public/storage", "storage/logs", "storage/framework"]
==> default: Rsyncing folder: /Users/rode/PhpstormProjects/pvtcrm/ => /var/www/html
==> default:   - Exclude: [".vagrant/", ".git/", ".idea", ".vagrant", "Vagrantfile", "public/storage", "storage/logs", "storage/framework"]
==> default: Rsyncing folder: /Users/rode/PhpstormProjects/pvtcrm/ => /var/www/html
==> default:   - Exclude: [".vagrant/", ".git/", ".idea", ".vagrant", "Vagrantfile", "public/storage", "storage/logs", "storage/framework"]
==> default: Rsyncing folder: /Users/rode/PhpstormProjects/pvtcrm/ => /var/www/html
==> default:   - Exclude: [".vagrant/", ".git/", ".idea", ".vagrant", "Vagrantfile", "public/storage", "storage/logs", "storage/framework"]
==> default: Rsyncing folder: /Users/rode/PhpstormProjects/pvtcrm/ => /var/www/html
==> default:   - Exclude: [".vagrant/", ".git/", ".idea", ".vagrant", "Vagrantfile", "public/storage", "storage/logs", "storage/framework"]
==> default: Rsyncing folder: /Users/rode/PhpstormProjects/pvtcrm/ => /var/www/html
==> default:   - Exclude: [".vagrant/", ".git/", ".idea", ".vagrant", "Vagrantfile", "public/storage", "storage/logs", "storage/framework"]
==> default: Rsyncing folder: /Users/rode/PhpstormProjects/pvtcrm/ => /var/www/html
==> default:   - Exclude: [".vagrant/", ".git/", ".idea", ".vagrant", "Vagrantfile", "public/storage", "storage/logs", "storage/framework"]
==> default: Rsyncing folder: /Users/rode/PhpstormProjects/pvtcrm/ => /var/www/html
==> default:   - Exclude: [".vagrant/", ".git/", ".idea", ".vagrant", "Vagrantfile", "public/storage", "storage/logs", "storage/framework"]
==> default: Rsyncing folder: /Users/rode/PhpstormProjects/pvtcrm/ => /var/www/html
==> default:   - Exclude: [".vagrant/", ".git/", ".idea", ".vagrant", "Vagrantfile", "public/storage", "storage/logs", "storage/framework"]
==> default: Rsyncing folder: /Users/rode/PhpstormProjects/pvtcrm/ => /var/www/html
==> default:   - Exclude: [".vagrant/", ".git/", ".idea", ".vagrant", "Vagrantfile", "public/storage", "storage/logs", "storage/framework"]
==> default: Rsyncing folder: /Users/rode/PhpstormProjects/pvtcrm/ => /var/www/html
==> default:   - Exclude: [".vagrant/", ".git/", ".idea", ".vagrant", "Vagrantfile", "public/storage", "storage/logs", "storage/framework"]
==> default: Rsyncing folder: /Users/rode/PhpstormProjects/pvtcrm/ => /var/www/html
==> default:   - Exclude: [".vagrant/", ".git/", ".idea", ".vagrant", "Vagrantfile", "public/storage", "storage/logs", "storage/framework"]
==> default: Rsyncing folder: /Users/rode/PhpstormProjects/pvtcrm/ => /var/www/html
==> default:   - Exclude: [".vagrant/", ".git/", ".idea", ".vagrant", "Vagrantfile", "public/storage", "storage/logs", "storage/framework"]
==> default: Rsyncing folder: /Users/rode/PhpstormProjects/pvtcrm/ => /var/www/html
==> default:   - Exclude: [".vagrant/", ".git/", ".idea", ".vagrant", "Vagrantfile", "public/storage", "storage/logs", "storage/framework"]
==> default: Rsyncing folder: /Users/rode/PhpstormProjects/pvtcrm/ => /var/www/html
==> default:   - Exclude: [".vagrant/", ".git/", ".idea", ".vagrant", "Vagrantfile", "public/storage", "storage/logs", "storage/framework"]
==> default: Rsyncing folder: /Users/rode/PhpstormProjects/pvtcrm/ => /var/www/html
==> default:   - Exclude: [".vagrant/", ".git/", ".idea", ".vagrant", "Vagrantfile", "public/storage", "storage/logs", "storage/framework"]
==> default: Rsyncing folder: /Users/rode/PhpstormProjects/pvtcrm/ => /var/www/html
==> default:   - Exclude: [".vagrant/", ".git/", ".idea", ".vagrant", "Vagrantfile", "public/storage", "storage/logs", "storage/framework"]
==> default: Rsyncing folder: /Users/rode/PhpstormProjects/pvtcrm/ => /var/www/html
==> default:   - Exclude: [".vagrant/", ".git/", ".idea", ".vagrant", "Vagrantfile", "public/storage", "storage/logs", "storage/framework"]
==> default: Rsyncing folder: /Users/rode/PhpstormProjects/pvtcrm/ => /var/www/html
==> default:   - Exclude: [".vagrant/", ".git/", ".idea", ".vagrant", "Vagrantfile", "public/storage", "storage/logs", "storage/framework"]
==> default: Rsyncing folder: /Users/rode/PhpstormProjects/pvtcrm/ => /var/www/html
==> default:   - Exclude: [".vagrant/", ".git/", ".idea", ".vagrant", "Vagrantfile", "public/storage", "storage/logs", "storage/framework"]
==> default: Rsyncing folder: /Users/rode/PhpstormProjects/pvtcrm/ => /var/www/html
==> default:   - Exclude: [".vagrant/", ".git/", ".idea", ".vagrant", "Vagrantfile", "public/storage", "storage/logs", "storage/framework"]
==> default: Rsyncing folder: /Users/rode/PhpstormProjects/pvtcrm/ => /var/www/html
==> default:   - Exclude: [".vagrant/", ".git/", ".idea", ".vagrant", "Vagrantfile", "public/storage", "storage/logs", "storage/framework"]
==> default: Rsyncing folder: /Users/rode/PhpstormProjects/pvtcrm/ => /var/www/html
==> default:   - Exclude: [".vagrant/", ".git/", ".idea", ".vagrant", "Vagrantfile", "public/storage", "storage/logs", "storage/framework"]
==> default: Rsyncing folder: /Users/rode/PhpstormProjects/pvtcrm/ => /var/www/html
==> default:   - Exclude: [".vagrant/", ".git/", ".idea", ".vagrant", "Vagrantfile", "public/storage", "storage/logs", "storage/framework"]
==> default: Rsyncing folder: /Users/rode/PhpstormProjects/pvtcrm/ => /var/www/html
==> default:   - Exclude: [".vagrant/", ".git/", ".idea", ".vagrant", "Vagrantfile", "public/storage", "storage/logs", "storage/framework"]
==> default: Rsyncing folder: /Users/rode/PhpstormProjects/pvtcrm/ => /var/www/html
==> default:   - Exclude: [".vagrant/", ".git/", ".idea", ".vagrant", "Vagrantfile", "public/storage", "storage/logs", "storage/framework"]
==> default: Rsyncing folder: /Users/rode/PhpstormProjects/pvtcrm/ => /var/www/html
==> default:   - Exclude: [".vagrant/", ".git/", ".idea", ".vagrant", "Vagrantfile", "public/storage", "storage/logs", "storage/framework"]
==> default: Rsyncing folder: /Users/rode/PhpstormProjects/pvtcrm/ => /var/www/html
==> default:   - Exclude: [".vagrant/", ".git/", ".idea", ".vagrant", "Vagrantfile", "public/storage", "storage/logs", "storage/framework"]
==> default: Rsyncing folder: /Users/rode/PhpstormProjects/pvtcrm/ => /var/www/html
==> default:   - Exclude: [".vagrant/", ".git/", ".idea", ".vagrant", "Vagrantfile", "public/storage", "storage/logs", "storage/framework"]
==> default: Rsyncing folder: /Users/rode/PhpstormProjects/pvtcrm/ => /var/www/html
==> default:   - Exclude: [".vagrant/", ".git/", ".idea", ".vagrant", "Vagrantfile", "public/storage", "storage/logs", "storage/framework"]
==> default: Rsyncing folder: /Users/rode/PhpstormProjects/pvtcrm/ => /var/www/html
==> default:   - Exclude: [".vagrant/", ".git/", ".idea", ".vagrant", "Vagrantfile", "public/storage", "storage/logs", "storage/framework"]
==> default: Rsyncing folder: /Users/rode/PhpstormProjects/pvtcrm/ => /var/www/html
==> default:   - Exclude: [".vagrant/", ".git/", ".idea", ".vagrant", "Vagrantfile", "public/storage", "storage/logs", "storage/framework"]
==> default: Rsyncing folder: /Users/rode/PhpstormProjects/pvtcrm/ => /var/www/html
==> default:   - Exclude: [".vagrant/", ".git/", ".idea", ".vagrant", "Vagrantfile", "public/storage", "storage/logs", "storage/framework"]
==> default: Rsyncing folder: /Users/rode/PhpstormProjects/pvtcrm/ => /var/www/html
==> default:   - Exclude: [".vagrant/", ".git/", ".idea", ".vagrant", "Vagrantfile", "public/storage", "storage/logs", "storage/framework"]
==> default: Rsyncing folder: /Users/rode/PhpstormProjects/pvtcrm/ => /var/www/html
==> default:   - Exclude: [".vagrant/", ".git/", ".idea", ".vagrant", "Vagrantfile", "public/storage", "storage/logs", "storage/framework"]
==> default: Rsyncing folder: /Users/rode/PhpstormProjects/pvtcrm/ => /var/www/html
==> default:   - Exclude: [".vagrant/", ".git/", ".idea", ".vagrant", "Vagrantfile", "public/storage", "storage/logs", "storage/framework"]
==> default: Rsyncing folder: /Users/rode/PhpstormProjects/pvtcrm/ => /var/www/html
==> default:   - Exclude: [".vagrant/", ".git/", ".idea", ".vagrant", "Vagrantfile", "public/storage", "storage/logs", "storage/framework"]
==> default: Rsyncing folder: /Users/rode/PhpstormProjects/pvtcrm/ => /var/www/html
==> default:   - Exclude: [".vagrant/", ".git/", ".idea", ".vagrant", "Vagrantfile", "public/storage", "storage/logs", "storage/framework"]
==> default: Rsyncing folder: /Users/rode/PhpstormProjects/pvtcrm/ => /var/www/html
==> default:   - Exclude: [".vagrant/", ".git/", ".idea", ".vagrant", "Vagrantfile", "public/storage", "storage/logs", "storage/framework"]
==> default: Rsyncing folder: /Users/rode/PhpstormProjects/pvtcrm/ => /var/www/html
==> default:   - Exclude: [".vagrant/", ".git/", ".idea", ".vagrant", "Vagrantfile", "public/storage", "storage/logs", "storage/framework"]
==> default: Rsyncing folder: /Users/rode/PhpstormProjects/pvtcrm/ => /var/www/html
==> default:   - Exclude: [".vagrant/", ".git/", ".idea", ".vagrant", "Vagrantfile", "public/storage", "storage/logs", "storage/framework"]
==> default: Rsyncing folder: /Users/rode/PhpstormProjects/pvtcrm/ => /var/www/html
==> default:   - Exclude: [".vagrant/", ".git/", ".idea", ".vagrant", "Vagrantfile", "public/storage", "storage/logs", "storage/framework"]
==> default: Rsyncing folder: /Users/rode/PhpstormProjects/pvtcrm/ => /var/www/html
==> default:   - Exclude: [".vagrant/", ".git/", ".idea", ".vagrant", "Vagrantfile", "public/storage", "storage/logs", "storage/framework"]
==> default: Rsyncing folder: /Users/rode/PhpstormProjects/pvtcrm/ => /var/www/html
==> default:   - Exclude: [".vagrant/", ".git/", ".idea", ".vagrant", "Vagrantfile", "public/storage", "storage/logs", "storage/framework"]
==> default: Rsyncing folder: /Users/rode/PhpstormProjects/pvtcrm/ => /var/www/html
==> default:   - Exclude: [".vagrant/", ".git/", ".idea", ".vagrant", "Vagrantfile", "public/storage", "storage/logs", "storage/framework"]
==> default: Rsyncing folder: /Users/rode/PhpstormProjects/pvtcrm/ => /var/www/html
==> default:   - Exclude: [".vagrant/", ".git/", ".idea", ".vagrant", "Vagrantfile", "public/storage", "storage/logs", "storage/framework"]
==> default: Rsyncing folder: /Users/rode/PhpstormProjects/pvtcrm/ => /var/www/html
==> default:   - Exclude: [".vagrant/", ".git/", ".idea", ".vagrant", "Vagrantfile", "public/storage", "storage/logs", "storage/framework"]
==> default: Rsyncing folder: /Users/rode/PhpstormProjects/pvtcrm/ => /var/www/html
==> default:   - Exclude: [".vagrant/", ".git/", ".idea", ".vagrant", "Vagrantfile", "public/storage", "storage/logs", "storage/framework"]
==> default: Rsyncing folder: /Users/rode/PhpstormProjects/pvtcrm/ => /var/www/html
==> default:   - Exclude: [".vagrant/", ".git/", ".idea", ".vagrant", "Vagrantfile", "public/storage", "storage/logs", "storage/framework"]
==> default: Rsyncing folder: /Users/rode/PhpstormProjects/pvtcrm/ => /var/www/html
==> default:   - Exclude: [".vagrant/", ".git/", ".idea", ".vagrant", "Vagrantfile", "public/storage", "storage/logs", "storage/framework"]
==> default: Rsyncing folder: /Users/rode/PhpstormProjects/pvtcrm/ => /var/www/html
==> default:   - Exclude: [".vagrant/", ".git/", ".idea", ".vagrant", "Vagrantfile", "public/storage", "storage/logs", "storage/framework"]
==> default: Rsyncing folder: /Users/rode/PhpstormProjects/pvtcrm/ => /var/www/html
==> default:   - Exclude: [".vagrant/", ".git/", ".idea", ".vagrant", "Vagrantfile", "public/storage", "storage/logs", "storage/framework"]
==> default: Rsyncing folder: /Users/rode/PhpstormProjects/pvtcrm/ => /var/www/html
==> default:   - Exclude: [".vagrant/", ".git/", ".idea", ".vagrant", "Vagrantfile", "public/storage", "storage/logs", "storage/framework"]
==> default: Rsyncing folder: /Users/rode/PhpstormProjects/pvtcrm/ => /var/www/html
==> default:   - Exclude: [".vagrant/", ".git/", ".idea", ".vagrant", "Vagrantfile", "public/storage", "storage/logs", "storage/framework"]
==> default: Rsyncing folder: /Users/rode/PhpstormProjects/pvtcrm/ => /var/www/html
==> default:   - Exclude: [".vagrant/", ".git/", ".idea", ".vagrant", "Vagrantfile", "public/storage", "storage/logs", "storage/framework"]
==> default: Rsyncing folder: /Users/rode/PhpstormProjects/pvtcrm/ => /var/www/html
==> default:   - Exclude: [".vagrant/", ".git/", ".idea", ".vagrant", "Vagrantfile", "public/storage", "storage/logs", "storage/framework"]
==> default: Rsyncing folder: /Users/rode/PhpstormProjects/pvtcrm/ => /var/www/html
==> default:   - Exclude: [".vagrant/", ".git/", ".idea", ".vagrant", "Vagrantfile", "public/storage", "storage/logs", "storage/framework"]
==> default: Rsyncing folder: /Users/rode/PhpstormProjects/pvtcrm/ => /var/www/html
==> default:   - Exclude: [".vagrant/", ".git/", ".idea", ".vagrant", "Vagrantfile", "public/storage", "storage/logs", "storage/framework"]
==> default: Rsyncing folder: /Users/rode/PhpstormProjects/pvtcrm/ => /var/www/html
==> default:   - Exclude: [".vagrant/", ".git/", ".idea", ".vagrant", "Vagrantfile", "public/storage", "storage/logs", "storage/framework"]
==> default: Rsyncing folder: /Users/rode/PhpstormProjects/pvtcrm/ => /var/www/html
==> default:   - Exclude: [".vagrant/", ".git/", ".idea", ".vagrant", "Vagrantfile", "public/storage", "storage/logs", "storage/framework"]
==> default: Rsyncing folder: /Users/rode/PhpstormProjects/pvtcrm/ => /var/www/html
==> default:   - Exclude: [".vagrant/", ".git/", ".idea", ".vagrant", "Vagrantfile", "public/storage", "storage/logs", "storage/framework"]
==> default: Rsyncing folder: /Users/rode/PhpstormProjects/pvtcrm/ => /var/www/html
==> default:   - Exclude: [".vagrant/", ".git/", ".idea", ".vagrant", "Vagrantfile", "public/storage", "storage/logs", "storage/framework"]
==> default: Rsyncing folder: /Users/rode/PhpstormProjects/pvtcrm/ => /var/www/html
==> default:   - Exclude: [".vagrant/", ".git/", ".idea", ".vagrant", "Vagrantfile", "public/storage", "storage/logs", "storage/framework"]
==> default: Rsyncing folder: /Users/rode/PhpstormProjects/pvtcrm/ => /var/www/html
==> default:   - Exclude: [".vagrant/", ".git/", ".idea", ".vagrant", "Vagrantfile", "public/storage", "storage/logs", "storage/framework"]
==> default: Rsyncing folder: /Users/rode/PhpstormProjects/pvtcrm/ => /var/www/html
==> default:   - Exclude: [".vagrant/", ".git/", ".idea", ".vagrant", "Vagrantfile", "public/storage", "storage/logs", "storage/framework"]
==> default: Rsyncing folder: /Users/rode/PhpstormProjects/pvtcrm/ => /var/www/html
==> default:   - Exclude: [".vagrant/", ".git/", ".idea", ".vagrant", "Vagrantfile", "public/storage", "storage/logs", "storage/framework"]
==> default: Rsyncing folder: /Users/rode/PhpstormProjects/pvtcrm/ => /var/www/html
==> default:   - Exclude: [".vagrant/", ".git/", ".idea", ".vagrant", "Vagrantfile", "public/storage", "storage/logs", "storage/framework"]
==> default: Rsyncing folder: /Users/rode/PhpstormProjects/pvtcrm/ => /var/www/html
==> default:   - Exclude: [".vagrant/", ".git/", ".idea", ".vagrant", "Vagrantfile", "public/storage", "storage/logs", "storage/framework"]
==> default: Rsyncing folder: /Users/rode/PhpstormProjects/pvtcrm/ => /var/www/html
==> default:   - Exclude: [".vagrant/", ".git/", ".idea", ".vagrant", "Vagrantfile", "public/storage", "storage/logs", "storage/framework"]
==> default: Rsyncing folder: /Users/rode/PhpstormProjects/pvtcrm/ => /var/www/html
==> default:   - Exclude: [".vagrant/", ".git/", ".idea", ".vagrant", "Vagrantfile", "public/storage", "storage/logs", "storage/framework"]
==> default: Rsyncing folder: /Users/rode/PhpstormProjects/pvtcrm/ => /var/www/html
==> default:   - Exclude: [".vagrant/", ".git/", ".idea", ".vagrant", "Vagrantfile", "public/storage", "storage/logs", "storage/framework"]
==> default: Rsyncing folder: /Users/rode/PhpstormProjects/pvtcrm/ => /var/www/html
==> default:   - Exclude: [".vagrant/", ".git/", ".idea", ".vagrant", "Vagrantfile", "public/storage", "storage/logs", "storage/framework"]
==> default: Rsyncing folder: /Users/rode/PhpstormProjects/pvtcrm/ => /var/www/html
==> default:   - Exclude: [".vagrant/", ".git/", ".idea", ".vagrant", "Vagrantfile", "public/storage", "storage/logs", "storage/framework"]
==> default: Rsyncing folder: /Users/rode/PhpstormProjects/pvtcrm/ => /var/www/html
==> default:   - Exclude: [".vagrant/", ".git/", ".idea", ".vagrant", "Vagrantfile", "public/storage", "storage/logs", "storage/framework"]
==> default: Rsyncing folder: /Users/rode/PhpstormProjects/pvtcrm/ => /var/www/html
==> default:   - Exclude: [".vagrant/", ".git/", ".idea", ".vagrant", "Vagrantfile", "public/storage", "storage/logs", "storage/framework"]
==> default: Rsyncing folder: /Users/rode/PhpstormProjects/pvtcrm/ => /var/www/html
==> default:   - Exclude: [".vagrant/", ".git/", ".idea", ".vagrant", "Vagrantfile", "public/storage", "storage/logs", "storage/framework"]
==> default: Rsyncing folder: /Users/rode/PhpstormProjects/pvtcrm/ => /var/www/html
==> default:   - Exclude: [".vagrant/", ".git/", ".idea", ".vagrant", "Vagrantfile", "public/storage", "storage/logs", "storage/framework"]
==> default: Rsyncing folder: /Users/rode/PhpstormProjects/pvtcrm/ => /var/www/html
==> default:   - Exclude: [".vagrant/", ".git/", ".idea", ".vagrant", "Vagrantfile", "public/storage", "storage/logs", "storage/framework"]
==> default: Rsyncing folder: /Users/rode/PhpstormProjects/pvtcrm/ => /var/www/html
==> default:   - Exclude: [".vagrant/", ".git/", ".idea", ".vagrant", "Vagrantfile", "public/storage", "storage/logs", "storage/framework"]
==> default: Rsyncing folder: /Users/rode/PhpstormProjects/pvtcrm/ => /var/www/html
==> default:   - Exclude: [".vagrant/", ".git/", ".idea", ".vagrant", "Vagrantfile", "public/storage", "storage/logs", "storage/framework"]
==> default: Rsyncing folder: /Users/rode/PhpstormProjects/pvtcrm/ => /var/www/html
==> default:   - Exclude: [".vagrant/", ".git/", ".idea", ".vagrant", "Vagrantfile", "public/storage", "storage/logs", "storage/framework"]
==> default: Rsyncing folder: /Users/rode/PhpstormProjects/pvtcrm/ => /var/www/html
==> default:   - Exclude: [".vagrant/", ".git/", ".idea", ".vagrant", "Vagrantfile", "public/storage", "storage/logs", "storage/framework"]
==> default: Rsyncing folder: /Users/rode/PhpstormProjects/pvtcrm/ => /var/www/html
==> default:   - Exclude: [".vagrant/", ".git/", ".idea", ".vagrant", "Vagrantfile", "public/storage", "storage/logs", "storage/framework"]
==> default: Rsyncing folder: /Users/rode/PhpstormProjects/pvtcrm/ => /var/www/html
==> default:   - Exclude: [".vagrant/", ".git/", ".idea", ".vagrant", "Vagrantfile", "public/storage", "storage/logs", "storage/framework"]
==> default: Rsyncing folder: /Users/rode/PhpstormProjects/pvtcrm/ => /var/www/html
==> default:   - Exclude: [".vagrant/", ".git/", ".idea", ".vagrant", "Vagrantfile", "public/storage", "storage/logs", "storage/framework"]
==> default: Rsyncing folder: /Users/rode/PhpstormProjects/pvtcrm/ => /var/www/html
==> default:   - Exclude: [".vagrant/", ".git/", ".idea", ".vagrant", "Vagrantfile", "public/storage", "storage/logs", "storage/framework"]
==> default: Rsyncing folder: /Users/rode/PhpstormProjects/pvtcrm/ => /var/www/html
==> default:   - Exclude: [".vagrant/", ".git/", ".idea", ".vagrant", "Vagrantfile", "public/storage", "storage/logs", "storage/framework"]
==> default: Rsyncing folder: /Users/rode/PhpstormProjects/pvtcrm/ => /var/www/html
==> default:   - Exclude: [".vagrant/", ".git/", ".idea", ".vagrant", "Vagrantfile", "public/storage", "storage/logs", "storage/framework"]
==> default: Rsyncing folder: /Users/rode/PhpstormProjects/pvtcrm/ => /var/www/html
==> default:   - Exclude: [".vagrant/", ".git/", ".idea", ".vagrant", "Vagrantfile", "public/storage", "storage/logs", "storage/framework"]
==> default: Rsyncing folder: /Users/rode/PhpstormProjects/pvtcrm/ => /var/www/html
==> default:   - Exclude: [".vagrant/", ".git/", ".idea", ".vagrant", "Vagrantfile", "public/storage", "storage/logs", "storage/framework"]
==> default: Rsyncing folder: /Users/rode/PhpstormProjects/pvtcrm/ => /var/www/html
==> default:   - Exclude: [".vagrant/", ".git/", ".idea", ".vagrant", "Vagrantfile", "public/storage", "storage/logs", "storage/framework"]
==> default: Rsyncing folder: /Users/rode/PhpstormProjects/pvtcrm/ => /var/www/html
==> default:   - Exclude: [".vagrant/", ".git/", ".idea", ".vagrant", "Vagrantfile", "public/storage", "storage/logs", "storage/framework"]
==> default: Rsyncing folder: /Users/rode/PhpstormProjects/pvtcrm/ => /var/www/html
==> default:   - Exclude: [".vagrant/", ".git/", ".idea", ".vagrant", "Vagrantfile", "public/storage", "storage/logs", "storage/framework"]
==> default: Rsyncing folder: /Users/rode/PhpstormProjects/pvtcrm/ => /var/www/html
==> default:   - Exclude: [".vagrant/", ".git/", ".idea", ".vagrant", "Vagrantfile", "public/storage", "storage/logs", "storage/framework"]
==> default: Rsyncing folder: /Users/rode/PhpstormProjects/pvtcrm/ => /var/www/html
==> default:   - Exclude: [".vagrant/", ".git/", ".idea", ".vagrant", "Vagrantfile", "public/storage", "storage/logs", "storage/framework"]
==> default: Rsyncing folder: /Users/rode/PhpstormProjects/pvtcrm/ => /var/www/html
==> default:   - Exclude: [".vagrant/", ".git/", ".idea", ".vagrant", "Vagrantfile", "public/storage", "storage/logs", "storage/framework"]
==> default: Rsyncing folder: /Users/rode/PhpstormProjects/pvtcrm/ => /var/www/html
==> default:   - Exclude: [".vagrant/", ".git/", ".idea", ".vagrant", "Vagrantfile", "public/storage", "storage/logs", "storage/framework"]
==> default: Rsyncing folder: /Users/rode/PhpstormProjects/pvtcrm/ => /var/www/html
==> default:   - Exclude: [".vagrant/", ".git/", ".idea", ".vagrant", "Vagrantfile", "public/storage", "storage/logs", "storage/framework"]
==> default: Rsyncing folder: /Users/rode/PhpstormProjects/pvtcrm/ => /var/www/html
==> default:   - Exclude: [".vagrant/", ".git/", ".idea", ".vagrant", "Vagrantfile", "public/storage", "storage/logs", "storage/framework"]
==> default: Rsyncing folder: /Users/rode/PhpstormProjects/pvtcrm/ => /var/www/html
==> default:   - Exclude: [".vagrant/", ".git/", ".idea", ".vagrant", "Vagrantfile", "public/storage", "storage/logs", "storage/framework"]
==> default: Rsyncing folder: /Users/rode/PhpstormProjects/pvtcrm/ => /var/www/html
==> default:   - Exclude: [".vagrant/", ".git/", ".idea", ".vagrant", "Vagrantfile", "public/storage", "storage/logs", "storage/framework"]
==> default: Rsyncing folder: /Users/rode/PhpstormProjects/pvtcrm/ => /var/www/html
==> default:   - Exclude: [".vagrant/", ".git/", ".idea", ".vagrant", "Vagrantfile", "public/storage", "storage/logs", "storage/framework"]
==> default: Rsyncing folder: /Users/rode/PhpstormProjects/pvtcrm/ => /var/www/html
==> default:   - Exclude: [".vagrant/", ".git/", ".idea", ".vagrant", "Vagrantfile", "public/storage", "storage/logs", "storage/framework"]
==> default: Failed to connect to remote machine. This is usually caused by the
==> default: machine rebooting or being halted. Please make sure the machine is
==> default: running, and modify a file to try again.
==> default: Rsyncing folder: /Users/rode/PhpstormProjects/pvtcrm/ => /var/www/html
==> default:   - Exclude: [".vagrant/", ".git/", ".idea", ".vagrant", "Vagrantfile", "public/storage", "storage/logs", "storage/framework"]
==> default: Rsyncing folder: /Users/rode/PhpstormProjects/pvtcrm/ => /var/www/html
==> default:   - Exclude: [".vagrant/", ".git/", ".idea", ".vagrant", "Vagrantfile", "public/storage", "storage/logs", "storage/framework"]
==> default: Rsyncing folder: /Users/rode/PhpstormProjects/pvtcrm/ => /var/www/html
==> default:   - Exclude: [".vagrant/", ".git/", ".idea", ".vagrant", "Vagrantfile", "public/storage", "storage/logs", "storage/framework"]
==> default: Rsyncing folder: /Users/rode/PhpstormProjects/pvtcrm/ => /var/www/html
==> default:   - Exclude: [".vagrant/", ".git/", ".idea", ".vagrant", "Vagrantfile", "public/storage", "storage/logs", "storage/framework"]
==> default: Rsyncing folder: /Users/rode/PhpstormProjects/pvtcrm/ => /var/www/html
==> default:   - Exclude: [".vagrant/", ".git/", ".idea", ".vagrant", "Vagrantfile", "public/storage", "storage/logs", "storage/framework"]
==> default: Rsyncing folder: /Users/rode/PhpstormProjects/pvtcrm/ => /var/www/html
==> default:   - Exclude: [".vagrant/", ".git/", ".idea", ".vagrant", "Vagrantfile", "public/storage", "storage/logs", "storage/framework"]
==> default: Rsyncing folder: /Users/rode/PhpstormProjects/pvtcrm/ => /var/www/html
==> default:   - Exclude: [".vagrant/", ".git/", ".idea", ".vagrant", "Vagrantfile", "public/storage", "storage/logs", "storage/framework"]
==> default: Rsyncing folder: /Users/rode/PhpstormProjects/pvtcrm/ => /var/www/html
==> default:   - Exclude: [".vagrant/", ".git/", ".idea", ".vagrant", "Vagrantfile", "public/storage", "storage/logs", "storage/framework"]
==> default: Rsyncing folder: /Users/rode/PhpstormProjects/pvtcrm/ => /var/www/html
==> default:   - Exclude: [".vagrant/", ".git/", ".idea", ".vagrant", "Vagrantfile", "public/storage", "storage/logs", "storage/framework"]
==> default: Rsyncing folder: /Users/rode/PhpstormProjects/pvtcrm/ => /var/www/html
==> default:   - Exclude: [".vagrant/", ".git/", ".idea", ".vagrant", "Vagrantfile", "public/storage", "storage/logs", "storage/framework"]
==> default: Rsyncing folder: /Users/rode/PhpstormProjects/pvtcrm/ => /var/www/html
==> default:   - Exclude: [".vagrant/", ".git/", ".idea", ".vagrant", "Vagrantfile", "public/storage", "storage/logs", "storage/framework"]
==> default: Rsyncing folder: /Users/rode/PhpstormProjects/pvtcrm/ => /var/www/html
==> default:   - Exclude: [".vagrant/", ".git/", ".idea", ".vagrant", "Vagrantfile", "public/storage", "storage/logs", "storage/framework"]
==> default: Rsyncing folder: /Users/rode/PhpstormProjects/pvtcrm/ => /var/www/html
==> default:   - Exclude: [".vagrant/", ".git/", ".idea", ".vagrant", "Vagrantfile", "public/storage", "storage/logs", "storage/framework"]
==> default: Rsyncing folder: /Users/rode/PhpstormProjects/pvtcrm/ => /var/www/html
==> default:   - Exclude: [".vagrant/", ".git/", ".idea", ".vagrant", "Vagrantfile", "public/storage", "storage/logs", "storage/framework"]
